<?xml version="1.0" encoding="UTF-8"?>
<!-- Generated by org.testng.reporters.JUnitReportReporter -->
<testsuite hostname="DESKTOP-1TOOMLV" failures="0" tests="7" name="com.tutorialsninja.qa.testcases.LoginTest" time="39.466" errors="0" timestamp="2024-08-11T18:29:06 GMT-05:00" skipped="0">
  <testcase classname="com.tutorialsninja.qa.testcases.LoginTest" name="verifyLoginWithValidCredentials" time="6.351"/>
  <system-out/>
  <testcase classname="com.tutorialsninja.qa.testcases.LoginTest" name="verifyLoginWithValidCredentials" time="5.696"/>
  <system-out/>
  <testcase classname="com.tutorialsninja.qa.testcases.LoginTest" name="verifyLoginWithValidCredentials" time="5.766"/>
  <system-out/>
  <testcase classname="com.tutorialsninja.qa.testcases.LoginTest" name="verifyLoginWithInvalidCredentials" time="5.545"/>
  <system-out/>
  <testcase classname="com.tutorialsninja.qa.testcases.LoginTest" name="verifyLoginWithInvalidEmailandValidPassword" time="5.491"/>
  <system-out/>
  <testcase classname="com.tutorialsninja.qa.testcases.LoginTest" name="verifyLoginWithValidEmailandInvalidPassword" time="5.254"/>
  <system-out/>
  <testcase classname="com.tutorialsninja.qa.testcases.LoginTest" name="verifyLoginWithoutProvidingCredentials" time="5.363"/>
  <system-out/>
</testsuite> <!-- com.tutorialsninja.qa.testcases.LoginTest -->
