<?xml version="1.0" encoding="UTF-8"?>
<!-- Generated by org.testng.reporters.JUnitReportReporter -->
<testsuite hostname="DESKTOP-1TOOMLV" failures="0" tests="3" name="com.tutorialsninja.qa.testcases.Search" time="18.006" errors="0" timestamp="2024-07-01T23:32:42 GMT-05:00" skipped="0">
  <testcase classname="com.tutorialsninja.qa.testcases.Search" name="verifySearchWithValidProduct" time="4.728"/>
  <system-out/>
  <testcase classname="com.tutorialsninja.qa.testcases.Search" name="verifySearchWithInValidProduct" time="8.747"/>
  <system-out/>
  <testcase classname="com.tutorialsninja.qa.testcases.Search" name="verifySearchWithoutAnyProduct" time="4.531"/>
  <system-out/>
</testsuite> <!-- com.tutorialsninja.qa.testcases.Search -->
