<?xml version="1.0" encoding="UTF-8"?>
<!-- Generated by org.testng.reporters.JUnitReportReporter -->
<testsuite hostname="DESKTOP-1TOOMLV" failures="0" tests="4" name="com.tutorialsninja.qa.testcases.Register" time="35.453" errors="0" timestamp="2024-07-01T23:32:42 GMT-05:00" skipped="0">
  <testcase classname="com.tutorialsninja.qa.testcases.Register" name="verifyRegisteringAnAccountWithMandatoryFields" time="15.101"/>
  <system-out/>
  <testcase classname="com.tutorialsninja.qa.testcases.Register" name="verifyRegisteringAnAccountByProvidingAllFields" time="5.792"/>
  <system-out/>
  <testcase classname="com.tutorialsninja.qa.testcases.Register" name="verifyRegisteringAccountWithExistingEmailAddress" time="9.019"/>
  <system-out/>
  <testcase classname="com.tutorialsninja.qa.testcases.Register" name="verifyRegisteringAccountWithoutFillingAnyDetails" time="5.541"/>
  <system-out/>
</testsuite> <!-- com.tutorialsninja.qa.testcases.Register -->
