<?xml version="1.0" encoding="UTF-8"?>
<!-- Generated by org.testng.reporters.JUnitReportReporter -->
<testsuite hostname="DESKTOP-1TOOMLV" failures="0" tests="4" name="com.tutorialsninja.qa.testcases.RegisterTest" time="15.763" errors="0" timestamp="2024-08-12T02:23:46 GMT-05:00" skipped="0">
  <testcase classname="com.tutorialsninja.qa.testcases.RegisterTest" name="verifyRegisteringAnAccountWithMandatoryFields" time="3.835"/>
  <testcase classname="com.tutorialsninja.qa.testcases.RegisterTest" name="verifyRegisteringAnAccountByProvidingAllFields" time="3.697"/>
  <testcase classname="com.tutorialsninja.qa.testcases.RegisterTest" name="verifyRegisteringAccountWithExistingEmailAddress" time="4.443"/>
  <testcase classname="com.tutorialsninja.qa.testcases.RegisterTest" name="verifyRegisteringAccountWithoutFillingAnyDetails" time="3.788"/>
</testsuite> <!-- com.tutorialsninja.qa.testcases.RegisterTest -->
