<?xml version="1.0" encoding="UTF-8"?>
<!-- Generated by org.testng.reporters.JUnitReportReporter -->
<testsuite hostname="DESKTOP-1TOOMLV" failures="0" tests="3" name="com.tutorialsninja.qa.testcases.SearchTest" time="9.118" errors="0" timestamp="2024-08-12T02:23:46 GMT-05:00" skipped="0">
  <testcase classname="com.tutorialsninja.qa.testcases.SearchTest" name="verifySearchWithValidProduct" time="2.948"/>
  <testcase classname="com.tutorialsninja.qa.testcases.SearchTest" name="verifySearchWithInValidProduct" time="3.220"/>
  <testcase classname="com.tutorialsninja.qa.testcases.SearchTest" name="verifySearchWithoutAnyProduct" time="2.950"/>
</testsuite> <!-- com.tutorialsninja.qa.testcases.SearchTest -->
